<?xml version="1.0" encoding="UTF-8"?>
<robot generator="Robot 7.4.1 (Python 3.9.6 on darwin)" generated="2026-02-19T13:42:49.784031" rpa="false" schemaversion="5">
<suite id="s1" name="Tests" source="/Users/suryana/Git/TS-Pro Sigmaka Mandiri - RobotFramework/tests">
<suite id="s1-s1" name="Cart" source="/Users/suryana/Git/TS-Pro Sigmaka Mandiri - RobotFramework/tests/cart.robot">
<test id="s1-s1-t1" name="Add Product To Cart" line="10">
<kw name="Open SauceDemo" owner="login_keywords" type="SETUP">
<kw name="Open Browser" owner="SeleniumLibrary">
<msg time="2026-02-19T13:42:49.918171" level="INFO">Opening browser 'headlesschrome' to base url 'https://www.saucedemo.com/'.</msg>
<arg>${URL}</arg>
<arg>${BROWSER}</arg>
<doc>Opens a new browser instance to the optional ``url``.</doc>
<status status="PASS" start="2026-02-19T13:42:49.918031" elapsed="3.516064"/>
</kw>
<kw name="Maximize Browser Window" owner="SeleniumLibrary">
<doc>Maximizes current browser window.</doc>
<status status="PASS" start="2026-02-19T13:42:53.435969" elapsed="0.021521"/>
</kw>
<status status="PASS" start="2026-02-19T13:42:49.917580" elapsed="3.540034"/>
</kw>
<kw name="Login With Credentials" owner="login_keywords">
<kw name="Input Text" owner="SeleniumLibrary">
<msg time="2026-02-19T13:42:53.459848" level="INFO">Typing text 'standard_user' into text field 'id:user-name'.</msg>
<arg>${username_field}</arg>
<arg>${username}</arg>
<doc>Types the given ``text`` into the text field identified by ``locator``.</doc>
<status status="PASS" start="2026-02-19T13:42:53.458755" elapsed="0.149166"/>
</kw>
<kw name="Input Text" owner="SeleniumLibrary">
<msg time="2026-02-19T13:42:53.608385" level="INFO">Typing text 'secret_sauce' into text field 'id:password'.</msg>
<arg>${password_field}</arg>
<arg>${password}</arg>
<doc>Types the given ``text`` into the text field identified by ``locator``.</doc>
<status status="PASS" start="2026-02-19T13:42:53.608125" elapsed="0.046813"/>
</kw>
<kw name="Click Button" owner="SeleniumLibrary">
<msg time="2026-02-19T13:42:53.655435" level="INFO">Clicking button 'id:login-button'.</msg>
<arg>${login_button}</arg>
<doc>Clicks the button identified by ``locator``.</doc>
<status status="PASS" start="2026-02-19T13:42:53.655188" elapsed="0.075866"/>
</kw>
<arg>${VALID_USER}</arg>
<arg>${VALID_PASS}</arg>
<status status="PASS" start="2026-02-19T13:42:53.458277" elapsed="0.272906"/>
</kw>
<kw name="Add to Chart" owner="chart_keywords">
<kw name="Click Button" owner="SeleniumLibrary">
<msg time="2026-02-19T13:42:53.732033" level="INFO">Clicking button 'id:add-to-cart-sauce-labs-backpack'.</msg>
<arg>${added_to_cart_button}</arg>
<doc>Clicks the button identified by ``locator``.</doc>
<status status="PASS" start="2026-02-19T13:42:53.731844" elapsed="0.036938"/>
</kw>
<kw name="Element Text Should Be" owner="SeleniumLibrary">
<msg time="2026-02-19T13:42:53.769133" level="INFO">Verifying element 'class:shopping_cart_badge' contains exact text '1'.</msg>
<arg>class:shopping_cart_badge</arg>
<arg>1</arg>
<doc>Verifies that element ``locator`` contains exact the text ``expected``.</doc>
<status status="PASS" start="2026-02-19T13:42:53.768939" elapsed="0.012072"/>
</kw>
<kw name="Click Element" owner="SeleniumLibrary">
<msg time="2026-02-19T13:42:53.781899" level="INFO">Clicking element 'class:shopping_cart_link'.</msg>
<arg>${shopping_cart_link}</arg>
<doc>Click the element identified by ``locator``.</doc>
<status status="PASS" start="2026-02-19T13:42:53.781637" elapsed="0.030735"/>
</kw>
<kw name="Page Should Contain" owner="SeleniumLibrary">
<msg time="2026-02-19T13:42:53.822401" level="INFO">Current page contains text 'Sauce Labs Backpack'.</msg>
<arg>Sauce Labs Backpack</arg>
<doc>Verifies that current page contains ``text``.</doc>
<status status="PASS" start="2026-02-19T13:42:53.812873" elapsed="0.009611"/>
</kw>
<status status="PASS" start="2026-02-19T13:42:53.731547" elapsed="0.091024"/>
</kw>
<kw name="Close Browser" owner="SeleniumLibrary" type="TEARDOWN">
<doc>Closes the current browser.</doc>
<status status="PASS" start="2026-02-19T13:42:53.822824" elapsed="0.074359"/>
</kw>
<doc>This test case will verify that user can add product to cart successfully</doc>
<tag>regression</tag>
<status status="PASS" start="2026-02-19T13:42:49.917074" elapsed="3.980235"/>
</test>
<status status="PASS" start="2026-02-19T13:42:49.802198" elapsed="4.095541"/>
</suite>
<suite id="s1-s2" name="Checkout" source="/Users/suryana/Git/TS-Pro Sigmaka Mandiri - RobotFramework/tests/checkout.robot">
<test id="s1-s2-t1" name="Checkout With Empty Data" line="11">
<kw name="Open SauceDemo" owner="login_keywords" type="SETUP">
<kw name="Open Browser" owner="SeleniumLibrary">
<msg time="2026-02-19T13:42:53.904136" level="INFO">Opening browser 'headlesschrome' to base url 'https://www.saucedemo.com/'.</msg>
<arg>${URL}</arg>
<arg>${BROWSER}</arg>
<doc>Opens a new browser instance to the optional ``url``.</doc>
<status status="PASS" start="2026-02-19T13:42:53.903955" elapsed="1.928795"/>
</kw>
<kw name="Maximize Browser Window" owner="SeleniumLibrary">
<doc>Maximizes current browser window.</doc>
<status status="PASS" start="2026-02-19T13:42:55.833778" elapsed="0.018041"/>
</kw>
<status status="PASS" start="2026-02-19T13:42:53.903758" elapsed="1.948197"/>
</kw>
<kw name="Login With Credentials" owner="login_keywords">
<kw name="Input Text" owner="SeleniumLibrary">
<msg time="2026-02-19T13:42:55.853609" level="INFO">Typing text 'standard_user' into text field 'id:user-name'.</msg>
<arg>${username_field}</arg>
<arg>${username}</arg>
<doc>Types the given ``text`` into the text field identified by ``locator``.</doc>
<status status="PASS" start="2026-02-19T13:42:55.853238" elapsed="0.109570"/>
</kw>
<kw name="Input Text" owner="SeleniumLibrary">
<msg time="2026-02-19T13:42:55.963289" level="INFO">Typing text 'secret_sauce' into text field 'id:password'.</msg>
<arg>${password_field}</arg>
<arg>${password}</arg>
<doc>Types the given ``text`` into the text field identified by ``locator``.</doc>
<status status="PASS" start="2026-02-19T13:42:55.963027" elapsed="0.038791"/>
</kw>
<kw name="Click Button" owner="SeleniumLibrary">
<msg time="2026-02-19T13:42:56.002218" level="INFO">Clicking button 'id:login-button'.</msg>
<arg>${login_button}</arg>
<doc>Clicks the button identified by ``locator``.</doc>
<status status="PASS" start="2026-02-19T13:42:56.002010" elapsed="0.042438"/>
</kw>
<arg>${VALID_USER}</arg>
<arg>${VALID_PASS}</arg>
<status status="PASS" start="2026-02-19T13:42:55.852681" elapsed="0.192252"/>
</kw>
<kw name="Checkout Data" owner="checkout_keywords">
<kw name="Click Button" owner="SeleniumLibrary">
<msg time="2026-02-19T13:42:56.046461" level="INFO">Clicking button 'Add to cart'.</msg>
<arg>${add_to_cart_button}</arg>
<doc>Clicks the button identified by ``locator``.</doc>
<status status="PASS" start="2026-02-19T13:42:56.045647" elapsed="0.039269"/>
</kw>
<kw name="Click Element" owner="SeleniumLibrary">
<msg time="2026-02-19T13:42:56.085300" level="INFO">Clicking element 'class:shopping_cart_link'.</msg>
<arg>${shopping_cart_link}</arg>
<doc>Click the element identified by ``locator``.</doc>
<status status="PASS" start="2026-02-19T13:42:56.085085" elapsed="0.031786"/>
</kw>
<kw name="Click Button" owner="SeleniumLibrary">
<msg time="2026-02-19T13:42:56.117239" level="INFO">Clicking button 'id:checkout'.</msg>
<arg>${checkout_button}</arg>
<doc>Clicks the button identified by ``locator``.</doc>
<status status="PASS" start="2026-02-19T13:42:56.117036" elapsed="0.039333"/>
</kw>
<kw name="Wait Until Element Is Visible" owner="SeleniumLibrary">
<arg>${continue_button}</arg>
<arg>timeout=5s</arg>
<doc>Waits until the element ``locator`` is visible.</doc>
<status status="PASS" start="2026-02-19T13:42:56.156542" elapsed="0.012616"/>
</kw>
<status status="PASS" start="2026-02-19T13:42:56.045205" elapsed="0.124051"/>
</kw>
<kw name="Click Button" owner="SeleniumLibrary">
<msg time="2026-02-19T13:42:56.169615" level="INFO">Clicking button 'id:continue'.</msg>
<arg>${continue_button}</arg>
<doc>Clicks the button identified by ``locator``.</doc>
<status status="PASS" start="2026-02-19T13:42:56.169411" elapsed="0.035708"/>
</kw>
<kw name="Page Should Contain" owner="SeleniumLibrary">
<msg time="2026-02-19T13:42:56.211770" level="INFO">Current page contains text 'Error'.</msg>
<arg>Error</arg>
<doc>Verifies that current page contains ``text``.</doc>
<status status="PASS" start="2026-02-19T13:42:56.205447" elapsed="0.006398"/>
</kw>
<kw name="Close Browser" owner="SeleniumLibrary" type="TEARDOWN">
<doc>Closes the current browser.</doc>
<status status="PASS" start="2026-02-19T13:42:56.212076" elapsed="0.077785"/>
</kw>
<tag>regression</tag>
<status status="PASS" start="2026-02-19T13:42:53.903451" elapsed="2.386544"/>
</test>
<test id="s1-s2-t2" name="Successful Checkout" line="17">
<kw name="Open SauceDemo" owner="login_keywords" type="SETUP">
<kw name="Open Browser" owner="SeleniumLibrary">
<msg time="2026-02-19T13:42:56.291099" level="INFO">Opening browser 'headlesschrome' to base url 'https://www.saucedemo.com/'.</msg>
<arg>${URL}</arg>
<arg>${BROWSER}</arg>
<doc>Opens a new browser instance to the optional ``url``.</doc>
<status status="PASS" start="2026-02-19T13:42:56.290891" elapsed="1.872406"/>
</kw>
<kw name="Maximize Browser Window" owner="SeleniumLibrary">
<doc>Maximizes current browser window.</doc>
<status status="PASS" start="2026-02-19T13:42:58.164184" elapsed="0.023538"/>
</kw>
<status status="PASS" start="2026-02-19T13:42:56.290644" elapsed="1.897240"/>
</kw>
<kw name="Login With Credentials" owner="login_keywords">
<kw name="Input Text" owner="SeleniumLibrary">
<msg time="2026-02-19T13:42:58.189334" level="INFO">Typing text 'standard_user' into text field 'id:user-name'.</msg>
<arg>${username_field}</arg>
<arg>${username}</arg>
<doc>Types the given ``text`` into the text field identified by ``locator``.</doc>
<status status="PASS" start="2026-02-19T13:42:58.188954" elapsed="0.099084"/>
</kw>
<kw name="Input Text" owner="SeleniumLibrary">
<msg time="2026-02-19T13:42:58.288564" level="INFO">Typing text 'secret_sauce' into text field 'id:password'.</msg>
<arg>${password_field}</arg>
<arg>${password}</arg>
<doc>Types the given ``text`` into the text field identified by ``locator``.</doc>
<status status="PASS" start="2026-02-19T13:42:58.288282" elapsed="0.051775"/>
</kw>
<kw name="Click Button" owner="SeleniumLibrary">
<msg time="2026-02-19T13:42:58.340527" level="INFO">Clicking button 'id:login-button'.</msg>
<arg>${login_button}</arg>
<doc>Clicks the button identified by ``locator``.</doc>
<status status="PASS" start="2026-02-19T13:42:58.340270" elapsed="0.042894"/>
</kw>
<arg>${VALID_USER}</arg>
<arg>${VALID_PASS}</arg>
<status status="PASS" start="2026-02-19T13:42:58.188386" elapsed="0.194891"/>
</kw>
<kw name="Checkout Data" owner="checkout_keywords">
<kw name="Click Button" owner="SeleniumLibrary">
<msg time="2026-02-19T13:42:58.383993" level="INFO">Clicking button 'Add to cart'.</msg>
<arg>${add_to_cart_button}</arg>
<doc>Clicks the button identified by ``locator``.</doc>
<status status="PASS" start="2026-02-19T13:42:58.383824" elapsed="0.035767"/>
</kw>
<kw name="Click Element" owner="SeleniumLibrary">
<msg time="2026-02-19T13:42:58.419947" level="INFO">Clicking element 'class:shopping_cart_link'.</msg>
<arg>${shopping_cart_link}</arg>
<doc>Click the element identified by ``locator``.</doc>
<status status="PASS" start="2026-02-19T13:42:58.419754" elapsed="0.029712"/>
</kw>
<kw name="Click Button" owner="SeleniumLibrary">
<msg time="2026-02-19T13:42:58.449922" level="INFO">Clicking button 'id:checkout'.</msg>
<arg>${checkout_button}</arg>
<doc>Clicks the button identified by ``locator``.</doc>
<status status="PASS" start="2026-02-19T13:42:58.449676" elapsed="0.037649"/>
</kw>
<kw name="Wait Until Element Is Visible" owner="SeleniumLibrary">
<arg>${continue_button}</arg>
<arg>timeout=5s</arg>
<doc>Waits until the element ``locator`` is visible.</doc>
<status status="PASS" start="2026-02-19T13:42:58.487517" elapsed="0.012602"/>
</kw>
<status status="PASS" start="2026-02-19T13:42:58.383582" elapsed="0.116651"/>
</kw>
<kw name="Put Checkout" owner="checkout_keywords">
<kw name="Input Text" owner="SeleniumLibrary">
<msg time="2026-02-19T13:42:58.500943" level="INFO">Typing text 'Test' into text field 'id:first-name'.</msg>
<arg>id:first-name</arg>
<arg>${first-name}</arg>
<doc>Types the given ``text`` into the text field identified by ``locator``.</doc>
<status status="PASS" start="2026-02-19T13:42:58.500795" elapsed="0.046856"/>
</kw>
<kw name="Input Text" owner="SeleniumLibrary">
<msg time="2026-02-19T13:42:58.548057" level="INFO">Typing text 'User' into text field 'name:lastName'.</msg>
<arg>name:lastName</arg>
<arg>${last-name}</arg>
<doc>Types the given ``text`` into the text field identified by ``locator``.</doc>
<status status="PASS" start="2026-02-19T13:42:58.547827" elapsed="0.044043"/>
</kw>
<kw name="Input Text" owner="SeleniumLibrary">
<msg time="2026-02-19T13:42:58.592310" level="INFO">Typing text '12345' into text field 'id:postal-code'.</msg>
<arg>id:postal-code</arg>
<arg>${postal-code}</arg>
<doc>Types the given ``text`` into the text field identified by ``locator``.</doc>
<status status="PASS" start="2026-02-19T13:42:58.592055" elapsed="0.032014"/>
</kw>
<kw name="Click Button" owner="SeleniumLibrary">
<msg time="2026-02-19T13:42:58.624484" level="INFO">Clicking button 'id:continue'.</msg>
<arg>${continue_button}</arg>
<doc>Clicks the button identified by ``locator``.</doc>
<status status="PASS" start="2026-02-19T13:42:58.624283" elapsed="0.040428"/>
</kw>
<kw name="Wait Until Element Is Visible" owner="SeleniumLibrary">
<arg>${finish_button}</arg>
<arg>timeout=5s</arg>
<doc>Waits until the element ``locator`` is visible.</doc>
<status status="PASS" start="2026-02-19T13:42:58.665008" elapsed="0.010934"/>
</kw>
<kw name="Click Button" owner="SeleniumLibrary">
<msg time="2026-02-19T13:42:58.676266" level="INFO">Clicking button 'id:finish'.</msg>
<arg>${finish_button}</arg>
<doc>Clicks the button identified by ``locator``.</doc>
<status status="PASS" start="2026-02-19T13:42:58.676086" elapsed="0.030967"/>
</kw>
<kw name="Wait Until Element Is Visible" owner="SeleniumLibrary">
<arg>${complete_header}</arg>
<arg>timeout=10s</arg>
<doc>Waits until the element ``locator`` is visible.</doc>
<status status="PASS" start="2026-02-19T13:42:58.707243" elapsed="0.009080"/>
</kw>
<kw name="Page Should Contain" owner="SeleniumLibrary">
<msg time="2026-02-19T13:42:58.722049" level="INFO">Current page contains text 'Thank you for your order'.</msg>
<arg>Thank you for your order</arg>
<doc>Verifies that current page contains ``text``.</doc>
<status status="PASS" start="2026-02-19T13:42:58.716485" elapsed="0.005624"/>
</kw>
<arg>${first-Name}</arg>
<arg>${last-Name}</arg>
<arg>${postal-Code}</arg>
<status status="PASS" start="2026-02-19T13:42:58.500471" elapsed="0.221703"/>
</kw>
<kw name="Close Browser" owner="SeleniumLibrary" type="TEARDOWN">
<doc>Closes the current browser.</doc>
<status status="PASS" start="2026-02-19T13:42:58.722407" elapsed="0.074121"/>
</kw>
<tag>regression</tag>
<status status="PASS" start="2026-02-19T13:42:56.290255" elapsed="2.506408"/>
</test>
<status status="PASS" start="2026-02-19T13:42:53.898093" elapsed="4.898929"/>
</suite>
<suite id="s1-s3" name="Login" source="/Users/suryana/Git/TS-Pro Sigmaka Mandiri - RobotFramework/tests/login.robot">
<test id="s1-s3-t1" name="Login With Valid Credentials" line="9">
<kw name="Open SauceDemo" owner="login_keywords" type="SETUP">
<kw name="Open Browser" owner="SeleniumLibrary">
<msg time="2026-02-19T13:42:58.800855" level="INFO">Opening browser 'headlesschrome' to base url 'https://www.saucedemo.com/'.</msg>
<arg>${URL}</arg>
<arg>${BROWSER}</arg>
<doc>Opens a new browser instance to the optional ``url``.</doc>
<status status="PASS" start="2026-02-19T13:42:58.800584" elapsed="1.420998"/>
</kw>
<kw name="Maximize Browser Window" owner="SeleniumLibrary">
<doc>Maximizes current browser window.</doc>
<status status="PASS" start="2026-02-19T13:43:00.222182" elapsed="0.016207"/>
</kw>
<status status="PASS" start="2026-02-19T13:42:58.800413" elapsed="1.438102"/>
</kw>
<kw name="Login With Credentials" owner="login_keywords">
<kw name="Input Text" owner="SeleniumLibrary">
<msg time="2026-02-19T13:43:00.240680" level="INFO">Typing text 'standard_user' into text field 'id:user-name'.</msg>
<arg>${username_field}</arg>
<arg>${username}</arg>
<doc>Types the given ``text`` into the text field identified by ``locator``.</doc>
<status status="PASS" start="2026-02-19T13:43:00.240407" elapsed="0.091161"/>
</kw>
<kw name="Input Text" owner="SeleniumLibrary">
<msg time="2026-02-19T13:43:00.332094" level="INFO">Typing text 'secret_sauce' into text field 'id:password'.</msg>
<arg>${password_field}</arg>
<arg>${password}</arg>
<doc>Types the given ``text`` into the text field identified by ``locator``.</doc>
<status status="PASS" start="2026-02-19T13:43:00.331768" elapsed="0.037678"/>
</kw>
<kw name="Click Button" owner="SeleniumLibrary">
<msg time="2026-02-19T13:43:00.369800" level="INFO">Clicking button 'id:login-button'.</msg>
<arg>${login_button}</arg>
<doc>Clicks the button identified by ``locator``.</doc>
<status status="PASS" start="2026-02-19T13:43:00.369603" elapsed="0.040433"/>
</kw>
<arg>${VALID_USER}</arg>
<arg>${VALID_PASS}</arg>
<status status="PASS" start="2026-02-19T13:43:00.238886" elapsed="0.171256"/>
</kw>
<kw name="Page Should Contain Element" owner="SeleniumLibrary">
<msg time="2026-02-19T13:43:00.418616" level="INFO">Current page contains element 'class:inventory_list'.</msg>
<arg>${inventory_list}</arg>
<doc>Verifies that element ``locator`` is found on the current page.</doc>
<status status="PASS" start="2026-02-19T13:43:00.410321" elapsed="0.008379"/>
</kw>
<kw name="Close Browser" owner="SeleniumLibrary" type="TEARDOWN">
<doc>Closes the current browser.</doc>
<status status="PASS" start="2026-02-19T13:43:00.419042" elapsed="0.080320"/>
</kw>
<doc>Test login functionality with valid username and password.</doc>
<tag>regression</tag>
<status status="PASS" start="2026-02-19T13:42:58.800076" elapsed="1.699407"/>
</test>
<test id="s1-s3-t2" name="Login With Invalid Credentials" line="14">
<kw name="Open SauceDemo" owner="login_keywords" type="SETUP">
<kw name="Open Browser" owner="SeleniumLibrary">
<msg time="2026-02-19T13:43:00.500469" level="INFO">Opening browser 'headlesschrome' to base url 'https://www.saucedemo.com/'.</msg>
<arg>${URL}</arg>
<arg>${BROWSER}</arg>
<doc>Opens a new browser instance to the optional ``url``.</doc>
<status status="PASS" start="2026-02-19T13:43:00.500304" elapsed="3.196043"/>
</kw>
<kw name="Maximize Browser Window" owner="SeleniumLibrary">
<doc>Maximizes current browser window.</doc>
<status status="PASS" start="2026-02-19T13:43:03.697324" elapsed="0.024463"/>
</kw>
<status status="PASS" start="2026-02-19T13:43:00.500099" elapsed="3.221868"/>
</kw>
<kw name="Login With Credentials" owner="login_keywords">
<kw name="Input Text" owner="SeleniumLibrary">
<msg time="2026-02-19T13:43:03.723217" level="INFO">Typing text 'locked_out_user' into text field 'id:user-name'.</msg>
<arg>${username_field}</arg>
<arg>${username}</arg>
<doc>Types the given ``text`` into the text field identified by ``locator``.</doc>
<status status="PASS" start="2026-02-19T13:43:03.722954" elapsed="0.107773"/>
</kw>
<kw name="Input Text" owner="SeleniumLibrary">
<msg time="2026-02-19T13:43:03.831192" level="INFO">Typing text 'wrong_password' into text field 'id:password'.</msg>
<arg>${password_field}</arg>
<arg>${password}</arg>
<doc>Types the given ``text`` into the text field identified by ``locator``.</doc>
<status status="PASS" start="2026-02-19T13:43:03.830953" elapsed="0.036824"/>
</kw>
<kw name="Click Button" owner="SeleniumLibrary">
<msg time="2026-02-19T13:43:03.868210" level="INFO">Clicking button 'id:login-button'.</msg>
<arg>${login_button}</arg>
<doc>Clicks the button identified by ``locator``.</doc>
<status status="PASS" start="2026-02-19T13:43:03.867961" elapsed="0.041281"/>
</kw>
<arg>${INVALID_USER}</arg>
<arg>${INVALID_PASS}</arg>
<status status="PASS" start="2026-02-19T13:43:03.722461" elapsed="0.186885"/>
</kw>
<kw name="Page Should Contain" owner="SeleniumLibrary">
<msg time="2026-02-19T13:43:03.917645" level="INFO">Current page contains text 'Epic sadface'.</msg>
<arg>${error_message}</arg>
<doc>Verifies that current page contains ``text``.</doc>
<status status="PASS" start="2026-02-19T13:43:03.909609" elapsed="0.008120"/>
</kw>
<kw name="Close Browser" owner="SeleniumLibrary" type="TEARDOWN">
<doc>Closes the current browser.</doc>
<status status="PASS" start="2026-02-19T13:43:03.918012" elapsed="0.074405"/>
</kw>
<doc>Test login functionality with valid username and password.</doc>
<tag>regression</tag>
<status status="PASS" start="2026-02-19T13:43:00.499723" elapsed="3.492875"/>
</test>
<status status="PASS" start="2026-02-19T13:42:58.797405" elapsed="5.195572"/>
</suite>
<suite id="s1-s4" name="Logout" source="/Users/suryana/Git/TS-Pro Sigmaka Mandiri - RobotFramework/tests/logout.robot">
<test id="s1-s4-t1" name="Logout Successfully" line="10">
<kw name="Open SauceDemo" owner="login_keywords" type="SETUP">
<kw name="Open Browser" owner="SeleniumLibrary">
<msg time="2026-02-19T13:43:04.001022" level="INFO">Opening browser 'headlesschrome' to base url 'https://www.saucedemo.com/'.</msg>
<arg>${URL}</arg>
<arg>${BROWSER}</arg>
<doc>Opens a new browser instance to the optional ``url``.</doc>
<status status="PASS" start="2026-02-19T13:43:04.000847" elapsed="1.629895"/>
</kw>
<kw name="Maximize Browser Window" owner="SeleniumLibrary">
<doc>Maximizes current browser window.</doc>
<status status="PASS" start="2026-02-19T13:43:05.631421" elapsed="0.020249"/>
</kw>
<status status="PASS" start="2026-02-19T13:43:04.000573" elapsed="1.651222"/>
</kw>
<kw name="Login With Credentials" owner="login_keywords">
<kw name="Input Text" owner="SeleniumLibrary">
<msg time="2026-02-19T13:43:05.652775" level="INFO">Typing text 'standard_user' into text field 'id:user-name'.</msg>
<arg>${username_field}</arg>
<arg>${username}</arg>
<doc>Types the given ``text`` into the text field identified by ``locator``.</doc>
<status status="PASS" start="2026-02-19T13:43:05.652525" elapsed="0.094957"/>
</kw>
<kw name="Input Text" owner="SeleniumLibrary">
<msg time="2026-02-19T13:43:05.747940" level="INFO">Typing text 'secret_sauce' into text field 'id:password'.</msg>
<arg>${password_field}</arg>
<arg>${password}</arg>
<doc>Types the given ``text`` into the text field identified by ``locator``.</doc>
<status status="PASS" start="2026-02-19T13:43:05.747692" elapsed="0.038633"/>
</kw>
<kw name="Click Button" owner="SeleniumLibrary">
<msg time="2026-02-19T13:43:05.786681" level="INFO">Clicking button 'id:login-button'.</msg>
<arg>${login_button}</arg>
<doc>Clicks the button identified by ``locator``.</doc>
<status status="PASS" start="2026-02-19T13:43:05.786490" elapsed="0.040584"/>
</kw>
<arg>${VALID_USER}</arg>
<arg>${VALID_PASS}</arg>
<status status="PASS" start="2026-02-19T13:43:05.652156" elapsed="0.175030"/>
</kw>
<kw name="Logout From Application" owner="keywords">
<kw name="Click Button" owner="SeleniumLibrary">
<msg time="2026-02-19T13:43:05.828008" level="INFO">Clicking button 'id:react-burger-menu-btn'.</msg>
<arg>${menu_button}</arg>
<doc>Clicks the button identified by ``locator``.</doc>
<status status="PASS" start="2026-02-19T13:43:05.827678" elapsed="0.035305"/>
</kw>
<kw name="Wait Until Element Is Visible" owner="SeleniumLibrary">
<arg>${logout_link}</arg>
<arg>timeout=5s</arg>
<doc>Waits until the element ``locator`` is visible.</doc>
<status status="PASS" start="2026-02-19T13:43:05.863162" elapsed="0.224950"/>
</kw>
<kw name="Click Link" owner="SeleniumLibrary">
<msg time="2026-02-19T13:43:06.088606" level="INFO">Clicking link 'id:logout_sidebar_link'.</msg>
<arg>${logout_link}</arg>
<doc>Clicks a link identified by ``locator``.</doc>
<status status="PASS" start="2026-02-19T13:43:06.088310" elapsed="0.045828"/>
</kw>
<status status="PASS" start="2026-02-19T13:43:05.827433" elapsed="0.306807"/>
</kw>
<kw name="Page Should Contain Element" owner="SeleniumLibrary">
<msg time="2026-02-19T13:43:06.137895" level="INFO">Current page contains element 'id:login-button'.</msg>
<arg>${login_button}</arg>
<doc>Verifies that element ``locator`` is found on the current page.</doc>
<status status="PASS" start="2026-02-19T13:43:06.134431" elapsed="0.003526"/>
</kw>
<kw name="Close Browser" owner="SeleniumLibrary" type="TEARDOWN">
<doc>Closes the current browser.</doc>
<status status="PASS" start="2026-02-19T13:43:06.138391" elapsed="0.073160"/>
</kw>
<tag>regression</tag>
<status status="PASS" start="2026-02-19T13:43:04.000005" elapsed="2.211663"/>
</test>
<status status="PASS" start="2026-02-19T13:43:03.993318" elapsed="2.218653"/>
</suite>
<status status="PASS" start="2026-02-19T13:42:49.784787" elapsed="16.427583"/>
</suite>
<statistics>
<total>
<stat pass="6" fail="0" skip="0">All Tests</stat>
</total>
<tag>
<stat pass="6" fail="0" skip="0">regression</stat>
</tag>
<suite>
<stat name="Tests" id="s1" pass="6" fail="0" skip="0">Tests</stat>
<stat name="Cart" id="s1-s1" pass="1" fail="0" skip="0">Tests.Cart</stat>
<stat name="Checkout" id="s1-s2" pass="2" fail="0" skip="0">Tests.Checkout</stat>
<stat name="Login" id="s1-s3" pass="2" fail="0" skip="0">Tests.Login</stat>
<stat name="Logout" id="s1-s4" pass="1" fail="0" skip="0">Tests.Logout</stat>
</suite>
</statistics>
<errors>
</errors>
</robot>
