<?xml version="1.0" encoding="UTF-8"?>
<robot generator="Robot 7.4.1 (Python 3.9.6 on darwin)" generated="2026-02-09T14:50:58.930400" rpa="false" schemaversion="5">
<suite id="s1" name="Tests" source="/Users/suryana/Git/TS-Pro Sigmaka Mandiri - RobotFramework/tests">
<suite id="s1-s1" name="Cart" source="/Users/suryana/Git/TS-Pro Sigmaka Mandiri - RobotFramework/tests/cart.robot">
<test id="s1-s1-t1" name="Add Product To Cart" line="7">
<kw name="Open SauceDemo" owner="keywords" type="SETUP">
<kw name="Open Browser" owner="SeleniumLibrary">
<msg time="2026-02-09T14:50:59.066232" level="INFO">Opening browser 'headlesschrome' to base url 'https://www.saucedemo.com/'.</msg>
<arg>${URL}</arg>
<arg>${BROWSER}</arg>
<doc>Opens a new browser instance to the optional ``url``.</doc>
<status status="PASS" start="2026-02-09T14:50:59.066078" elapsed="6.246480"/>
</kw>
<kw name="Maximize Browser Window" owner="SeleniumLibrary">
<doc>Maximizes current browser window.</doc>
<status status="PASS" start="2026-02-09T14:51:05.314928" elapsed="0.019804"/>
</kw>
<status status="PASS" start="2026-02-09T14:50:59.065586" elapsed="6.269294"/>
</kw>
<kw name="Login With Credentials" owner="keywords">
<kw name="Input Text" owner="SeleniumLibrary">
<msg time="2026-02-09T14:51:05.339706" level="INFO">Typing text 'standard_user' into text field 'id:user-name'.</msg>
<arg>id:user-name</arg>
<arg>${username}</arg>
<doc>Types the given ``text`` into the text field identified by ``locator``.</doc>
<status status="PASS" start="2026-02-09T14:51:05.337513" elapsed="0.129997"/>
</kw>
<kw name="Input Text" owner="SeleniumLibrary">
<msg time="2026-02-09T14:51:05.468003" level="INFO">Typing text 'secret_sauce' into text field 'id:password'.</msg>
<arg>id:password</arg>
<arg>${password}</arg>
<doc>Types the given ``text`` into the text field identified by ``locator``.</doc>
<status status="PASS" start="2026-02-09T14:51:05.467717" elapsed="0.036648"/>
</kw>
<kw name="Click Button" owner="SeleniumLibrary">
<msg time="2026-02-09T14:51:05.504706" level="INFO">Clicking button 'id:login-button'.</msg>
<arg>id:login-button</arg>
<doc>Clicks the button identified by ``locator``.</doc>
<status status="PASS" start="2026-02-09T14:51:05.504519" elapsed="0.066363"/>
</kw>
<arg>${VALID_USER}</arg>
<arg>${VALID_PASS}</arg>
<status status="PASS" start="2026-02-09T14:51:05.335850" elapsed="0.235156"/>
</kw>
<kw name="Click Button" owner="SeleniumLibrary">
<msg time="2026-02-09T14:51:05.571478" level="INFO">Clicking button 'id:add-to-cart-sauce-labs-backpack'.</msg>
<arg>id:add-to-cart-sauce-labs-backpack</arg>
<doc>Clicks the button identified by ``locator``.</doc>
<status status="PASS" start="2026-02-09T14:51:05.571300" elapsed="0.039891"/>
</kw>
<kw name="Element Text Should Be" owner="SeleniumLibrary">
<msg time="2026-02-09T14:51:05.611772" level="INFO">Verifying element 'class:shopping_cart_badge' contains exact text '1'.</msg>
<arg>class:shopping_cart_badge</arg>
<arg>1</arg>
<doc>Verifies that element ``locator`` contains exact the text ``expected``.</doc>
<status status="PASS" start="2026-02-09T14:51:05.611499" elapsed="0.015190"/>
</kw>
<kw name="Click Element" owner="SeleniumLibrary">
<msg time="2026-02-09T14:51:05.627266" level="INFO">Clicking element 'class:shopping_cart_link'.</msg>
<arg>class:shopping_cart_link</arg>
<doc>Click the element identified by ``locator``.</doc>
<status status="PASS" start="2026-02-09T14:51:05.627035" elapsed="0.029663"/>
</kw>
<kw name="Page Should Contain" owner="SeleniumLibrary">
<msg time="2026-02-09T14:51:05.665479" level="INFO">Current page contains text 'Sauce Labs Backpack'.</msg>
<arg>Sauce Labs Backpack</arg>
<doc>Verifies that current page contains ``text``.</doc>
<status status="PASS" start="2026-02-09T14:51:05.657101" elapsed="0.008447"/>
</kw>
<kw name="Close Browser" owner="SeleniumLibrary" type="TEARDOWN">
<doc>Closes the current browser.</doc>
<status status="PASS" start="2026-02-09T14:51:05.665793" elapsed="0.076705"/>
</kw>
<status status="PASS" start="2026-02-09T14:50:59.065182" elapsed="6.677436"/>
</test>
<status status="PASS" start="2026-02-09T14:50:58.948996" elapsed="6.793974"/>
</suite>
<suite id="s1-s2" name="Checkout" source="/Users/suryana/Git/TS-Pro Sigmaka Mandiri - RobotFramework/tests/checkout.robot">
<test id="s1-s2-t1" name="Checkout With Empty Data" line="7">
<kw name="Open SauceDemo" owner="keywords" type="SETUP">
<kw name="Open Browser" owner="SeleniumLibrary">
<msg time="2026-02-09T14:51:05.745753" level="INFO">Opening browser 'headlesschrome' to base url 'https://www.saucedemo.com/'.</msg>
<arg>${URL}</arg>
<arg>${BROWSER}</arg>
<doc>Opens a new browser instance to the optional ``url``.</doc>
<status status="PASS" start="2026-02-09T14:51:05.745593" elapsed="1.388471"/>
</kw>
<kw name="Maximize Browser Window" owner="SeleniumLibrary">
<doc>Maximizes current browser window.</doc>
<status status="PASS" start="2026-02-09T14:51:07.134880" elapsed="0.016191"/>
</kw>
<status status="PASS" start="2026-02-09T14:51:05.745406" elapsed="1.405780"/>
</kw>
<kw name="Login With Credentials" owner="keywords">
<kw name="Input Text" owner="SeleniumLibrary">
<msg time="2026-02-09T14:51:07.152240" level="INFO">Typing text 'standard_user' into text field 'id:user-name'.</msg>
<arg>id:user-name</arg>
<arg>${username}</arg>
<doc>Types the given ``text`` into the text field identified by ``locator``.</doc>
<status status="PASS" start="2026-02-09T14:51:07.151883" elapsed="0.091346"/>
</kw>
<kw name="Input Text" owner="SeleniumLibrary">
<msg time="2026-02-09T14:51:07.243593" level="INFO">Typing text 'secret_sauce' into text field 'id:password'.</msg>
<arg>id:password</arg>
<arg>${password}</arg>
<doc>Types the given ``text`` into the text field identified by ``locator``.</doc>
<status status="PASS" start="2026-02-09T14:51:07.243389" elapsed="0.033826"/>
</kw>
<kw name="Click Button" owner="SeleniumLibrary">
<msg time="2026-02-09T14:51:07.277731" level="INFO">Clicking button 'id:login-button'.</msg>
<arg>id:login-button</arg>
<doc>Clicks the button identified by ``locator``.</doc>
<status status="PASS" start="2026-02-09T14:51:07.277380" elapsed="0.042711"/>
</kw>
<arg>${VALID_USER}</arg>
<arg>${VALID_PASS}</arg>
<status status="PASS" start="2026-02-09T14:51:07.151514" elapsed="0.168684"/>
</kw>
<kw name="Click Button" owner="SeleniumLibrary">
<msg time="2026-02-09T14:51:07.320551" level="INFO">Clicking button 'id:add-to-cart-sauce-labs-backpack'.</msg>
<arg>id:add-to-cart-sauce-labs-backpack</arg>
<doc>Clicks the button identified by ``locator``.</doc>
<status status="PASS" start="2026-02-09T14:51:07.320368" elapsed="0.036658"/>
</kw>
<kw name="Click Element" owner="SeleniumLibrary">
<msg time="2026-02-09T14:51:07.357431" level="INFO">Clicking element 'class:shopping_cart_link'.</msg>
<arg>class:shopping_cart_link</arg>
<doc>Click the element identified by ``locator``.</doc>
<status status="PASS" start="2026-02-09T14:51:07.357250" elapsed="0.029252"/>
</kw>
<kw name="Click Button" owner="SeleniumLibrary">
<msg time="2026-02-09T14:51:07.387004" level="INFO">Clicking button 'id:checkout'.</msg>
<arg>id:checkout</arg>
<doc>Clicks the button identified by ``locator``.</doc>
<status status="PASS" start="2026-02-09T14:51:07.386801" elapsed="0.034180"/>
</kw>
<kw name="Click Button" owner="SeleniumLibrary">
<msg time="2026-02-09T14:51:07.421414" level="INFO">Clicking button 'id:continue'.</msg>
<arg>id:continue</arg>
<doc>Clicks the button identified by ``locator``.</doc>
<status status="PASS" start="2026-02-09T14:51:07.421207" elapsed="0.036829"/>
</kw>
<kw name="Page Should Contain" owner="SeleniumLibrary">
<msg time="2026-02-09T14:51:07.463801" level="INFO">Current page contains text 'Error'.</msg>
<arg>Error</arg>
<doc>Verifies that current page contains ``text``.</doc>
<status status="PASS" start="2026-02-09T14:51:07.458246" elapsed="0.005613"/>
</kw>
<kw name="Close Browser" owner="SeleniumLibrary" type="TEARDOWN">
<doc>Closes the current browser.</doc>
<status status="PASS" start="2026-02-09T14:51:07.464118" elapsed="0.073113"/>
</kw>
<status status="PASS" start="2026-02-09T14:51:05.745136" elapsed="1.792209"/>
</test>
<test id="s1-s2-t2" name="Successful Checkout" line="15">
<kw name="Open SauceDemo" owner="keywords" type="SETUP">
<kw name="Open Browser" owner="SeleniumLibrary">
<msg time="2026-02-09T14:51:07.538288" level="INFO">Opening browser 'headlesschrome' to base url 'https://www.saucedemo.com/'.</msg>
<arg>${URL}</arg>
<arg>${BROWSER}</arg>
<doc>Opens a new browser instance to the optional ``url``.</doc>
<status status="PASS" start="2026-02-09T14:51:07.538108" elapsed="1.766281"/>
</kw>
<kw name="Maximize Browser Window" owner="SeleniumLibrary">
<doc>Maximizes current browser window.</doc>
<status status="PASS" start="2026-02-09T14:51:09.305265" elapsed="0.022702"/>
</kw>
<status status="PASS" start="2026-02-09T14:51:07.537918" elapsed="1.790184"/>
</kw>
<kw name="Login With Credentials" owner="keywords">
<kw name="Input Text" owner="SeleniumLibrary">
<msg time="2026-02-09T14:51:09.329066" level="INFO">Typing text 'standard_user' into text field 'id:user-name'.</msg>
<arg>id:user-name</arg>
<arg>${username}</arg>
<doc>Types the given ``text`` into the text field identified by ``locator``.</doc>
<status status="PASS" start="2026-02-09T14:51:09.328836" elapsed="0.088987"/>
</kw>
<kw name="Input Text" owner="SeleniumLibrary">
<msg time="2026-02-09T14:51:09.418217" level="INFO">Typing text 'secret_sauce' into text field 'id:password'.</msg>
<arg>id:password</arg>
<arg>${password}</arg>
<doc>Types the given ``text`` into the text field identified by ``locator``.</doc>
<status status="PASS" start="2026-02-09T14:51:09.418010" elapsed="0.036879"/>
</kw>
<kw name="Click Button" owner="SeleniumLibrary">
<msg time="2026-02-09T14:51:09.455329" level="INFO">Clicking button 'id:login-button'.</msg>
<arg>id:login-button</arg>
<doc>Clicks the button identified by ``locator``.</doc>
<status status="PASS" start="2026-02-09T14:51:09.455110" elapsed="0.041702"/>
</kw>
<arg>${VALID_USER}</arg>
<arg>${VALID_PASS}</arg>
<status status="PASS" start="2026-02-09T14:51:09.328459" elapsed="0.168488"/>
</kw>
<kw name="Click Button" owner="SeleniumLibrary">
<msg time="2026-02-09T14:51:09.497351" level="INFO">Clicking button 'id:add-to-cart-sauce-labs-backpack'.</msg>
<arg>id:add-to-cart-sauce-labs-backpack</arg>
<doc>Clicks the button identified by ``locator``.</doc>
<status status="PASS" start="2026-02-09T14:51:09.497142" elapsed="0.039509"/>
</kw>
<kw name="Click Element" owner="SeleniumLibrary">
<msg time="2026-02-09T14:51:09.537069" level="INFO">Clicking element 'class:shopping_cart_link'.</msg>
<arg>class:shopping_cart_link</arg>
<doc>Click the element identified by ``locator``.</doc>
<status status="PASS" start="2026-02-09T14:51:09.536879" elapsed="0.032543"/>
</kw>
<kw name="Click Button" owner="SeleniumLibrary">
<msg time="2026-02-09T14:51:09.570055" level="INFO">Clicking button 'id:checkout'.</msg>
<arg>id:checkout</arg>
<doc>Clicks the button identified by ``locator``.</doc>
<status status="PASS" start="2026-02-09T14:51:09.569756" elapsed="0.033918"/>
</kw>
<kw name="Wait Until Element Is Visible" owner="SeleniumLibrary">
<arg>id:continue</arg>
<arg>timeout=5s</arg>
<doc>Waits until the element ``locator`` is visible.</doc>
<status status="PASS" start="2026-02-09T14:51:09.604024" elapsed="0.011390"/>
</kw>
<kw name="Sleep" owner="BuiltIn">
<msg time="2026-02-09T14:52:49.627233" level="INFO">Slept 1 minute 40 seconds.</msg>
<arg>100s</arg>
<doc>Pauses the test executed for the given time.</doc>
<status status="PASS" start="2026-02-09T14:51:09.615791" elapsed="100.017766"/>
</kw>
<kw name="Input Text" owner="SeleniumLibrary">
<msg time="2026-02-09T14:52:49.644271" level="INFO">Typing text 'Test' into text field 'id:first-name'.</msg>
<arg>id:first-name</arg>
<arg>Test</arg>
<doc>Types the given ``text`` into the text field identified by ``locator``.</doc>
<status status="PASS" start="2026-02-09T14:52:49.640993" elapsed="0.307958"/>
</kw>
<kw name="Input Text" owner="SeleniumLibrary">
<msg time="2026-02-09T14:52:49.949784" level="INFO">Typing text 'User' into text field 'name:lastName'.</msg>
<arg>name:lastName</arg>
<arg>User</arg>
<doc>Types the given ``text`` into the text field identified by ``locator``.</doc>
<status status="PASS" start="2026-02-09T14:52:49.949563" elapsed="0.036414"/>
</kw>
<kw name="Input Text" owner="SeleniumLibrary">
<msg time="2026-02-09T14:52:49.986571" level="INFO">Typing text '12345' into text field 'id:postal-code'.</msg>
<arg>id:postal-code</arg>
<arg>12345</arg>
<doc>Types the given ``text`` into the text field identified by ``locator``.</doc>
<status status="PASS" start="2026-02-09T14:52:49.986358" elapsed="0.034235"/>
</kw>
<kw name="Click Button" owner="SeleniumLibrary">
<msg time="2026-02-09T14:52:50.021870" level="INFO">Clicking button 'id:continue'.</msg>
<arg>id:continue</arg>
<doc>Clicks the button identified by ``locator``.</doc>
<status status="PASS" start="2026-02-09T14:52:50.021622" elapsed="0.279273"/>
</kw>
<kw name="Wait Until Element Is Visible" owner="SeleniumLibrary">
<arg>id:finish</arg>
<arg>timeout=5s</arg>
<doc>Waits until the element ``locator`` is visible.</doc>
<status status="PASS" start="2026-02-09T14:52:50.301106" elapsed="0.014673"/>
</kw>
<kw name="Click Button" owner="SeleniumLibrary">
<msg time="2026-02-09T14:52:50.316254" level="INFO">Clicking button 'id:finish'.</msg>
<arg>id:finish</arg>
<doc>Clicks the button identified by ``locator``.</doc>
<status status="PASS" start="2026-02-09T14:52:50.316063" elapsed="0.032652"/>
</kw>
<kw name="Wait Until Element Is Visible" owner="SeleniumLibrary">
<arg>class:complete-header</arg>
<arg>timeout=5s</arg>
<doc>Waits until the element ``locator`` is visible.</doc>
<status status="PASS" start="2026-02-09T14:52:50.348917" elapsed="0.008279"/>
</kw>
<kw name="Page Should Contain" owner="SeleniumLibrary">
<msg time="2026-02-09T14:52:50.368108" level="INFO">Current page contains text 'Thank you for your order'.</msg>
<arg>Thank you for your order</arg>
<doc>Verifies that current page contains ``text``.</doc>
<status status="PASS" start="2026-02-09T14:52:50.357375" elapsed="0.010795"/>
</kw>
<kw name="Close Browser" owner="SeleniumLibrary" type="TEARDOWN">
<doc>Closes the current browser.</doc>
<status status="PASS" start="2026-02-09T14:52:50.368422" elapsed="0.151295"/>
</kw>
<status status="PASS" start="2026-02-09T14:51:07.537577" elapsed="102.982261"/>
</test>
<status status="PASS" start="2026-02-09T14:51:05.743344" elapsed="104.776812"/>
</suite>
<suite id="s1-s3" name="Login" source="/Users/suryana/Git/TS-Pro Sigmaka Mandiri - RobotFramework/tests/login.robot">
<test id="s1-s3-t1" name="Login With Valid Credentials" line="7">
<kw name="Open SauceDemo" owner="keywords" type="SETUP">
<kw name="Open Browser" owner="SeleniumLibrary">
<msg time="2026-02-09T14:52:50.522950" level="INFO">Opening browser 'headlesschrome' to base url 'https://www.saucedemo.com/'.</msg>
<arg>${URL}</arg>
<arg>${BROWSER}</arg>
<doc>Opens a new browser instance to the optional ``url``.</doc>
<status status="PASS" start="2026-02-09T14:52:50.522800" elapsed="7.918759"/>
</kw>
<kw name="Maximize Browser Window" owner="SeleniumLibrary">
<doc>Maximizes current browser window.</doc>
<status status="PASS" start="2026-02-09T14:52:58.448022" elapsed="0.022411"/>
</kw>
<status status="PASS" start="2026-02-09T14:52:50.522597" elapsed="7.948658"/>
</kw>
<kw name="Login With Credentials" owner="keywords">
<kw name="Input Text" owner="SeleniumLibrary">
<msg time="2026-02-09T14:52:58.476456" level="INFO">Typing text 'standard_user' into text field 'id:user-name'.</msg>
<arg>id:user-name</arg>
<arg>${username}</arg>
<doc>Types the given ``text`` into the text field identified by ``locator``.</doc>
<status status="PASS" start="2026-02-09T14:52:58.475531" elapsed="0.128787"/>
</kw>
<kw name="Input Text" owner="SeleniumLibrary">
<msg time="2026-02-09T14:52:58.604723" level="INFO">Typing text 'secret_sauce' into text field 'id:password'.</msg>
<arg>id:password</arg>
<arg>${password}</arg>
<doc>Types the given ``text`` into the text field identified by ``locator``.</doc>
<status status="PASS" start="2026-02-09T14:52:58.604501" elapsed="0.035195"/>
</kw>
<kw name="Click Button" owner="SeleniumLibrary">
<msg time="2026-02-09T14:52:58.640110" level="INFO">Clicking button 'id:login-button'.</msg>
<arg>id:login-button</arg>
<doc>Clicks the button identified by ``locator``.</doc>
<status status="PASS" start="2026-02-09T14:52:58.639891" elapsed="0.061287"/>
</kw>
<arg>${VALID_USER}</arg>
<arg>${VALID_PASS}</arg>
<status status="PASS" start="2026-02-09T14:52:58.473731" elapsed="0.227544"/>
</kw>
<kw name="Page Should Contain Element" owner="SeleniumLibrary">
<msg time="2026-02-09T14:52:58.706402" level="INFO">Current page contains element 'class:inventory_list'.</msg>
<arg>class:inventory_list</arg>
<doc>Verifies that element ``locator`` is found on the current page.</doc>
<status status="PASS" start="2026-02-09T14:52:58.701462" elapsed="0.005008"/>
</kw>
<kw name="Close Browser" owner="SeleniumLibrary" type="TEARDOWN">
<doc>Closes the current browser.</doc>
<status status="PASS" start="2026-02-09T14:52:58.706806" elapsed="0.075977"/>
</kw>
<doc>Test login functionality with valid username and password.</doc>
<status status="PASS" start="2026-02-09T14:52:50.522300" elapsed="8.260609"/>
</test>
<test id="s1-s3-t2" name="Login With Invalid Credentials" line="12">
<kw name="Open SauceDemo" owner="keywords" type="SETUP">
<kw name="Open Browser" owner="SeleniumLibrary">
<msg time="2026-02-09T14:52:58.784106" level="INFO">Opening browser 'headlesschrome' to base url 'https://www.saucedemo.com/'.</msg>
<arg>${URL}</arg>
<arg>${BROWSER}</arg>
<doc>Opens a new browser instance to the optional ``url``.</doc>
<status status="PASS" start="2026-02-09T14:52:58.783766" elapsed="8.960793"/>
</kw>
<kw name="Maximize Browser Window" owner="SeleniumLibrary">
<doc>Maximizes current browser window.</doc>
<status status="PASS" start="2026-02-09T14:53:07.746150" elapsed="0.021130"/>
</kw>
<status status="PASS" start="2026-02-09T14:52:58.783533" elapsed="8.983972"/>
</kw>
<kw name="Login With Credentials" owner="keywords">
<kw name="Input Text" owner="SeleniumLibrary">
<msg time="2026-02-09T14:53:07.774349" level="INFO">Typing text 'locked_out_user' into text field 'id:user-name'.</msg>
<arg>id:user-name</arg>
<arg>${username}</arg>
<doc>Types the given ``text`` into the text field identified by ``locator``.</doc>
<status status="PASS" start="2026-02-09T14:53:07.773491" elapsed="0.105344"/>
</kw>
<kw name="Input Text" owner="SeleniumLibrary">
<msg time="2026-02-09T14:53:07.879208" level="INFO">Typing text 'wrong_password' into text field 'id:password'.</msg>
<arg>id:password</arg>
<arg>${password}</arg>
<doc>Types the given ``text`` into the text field identified by ``locator``.</doc>
<status status="PASS" start="2026-02-09T14:53:07.878995" elapsed="0.034449"/>
</kw>
<kw name="Click Button" owner="SeleniumLibrary">
<msg time="2026-02-09T14:53:07.914202" level="INFO">Clicking button 'id:login-button'.</msg>
<arg>id:login-button</arg>
<doc>Clicks the button identified by ``locator``.</doc>
<status status="PASS" start="2026-02-09T14:53:07.913627" elapsed="0.044187"/>
</kw>
<arg>${INVALID_USER}</arg>
<arg>${INVALID_PASS}</arg>
<status status="PASS" start="2026-02-09T14:53:07.769917" elapsed="0.188010"/>
</kw>
<kw name="Page Should Contain" owner="SeleniumLibrary">
<msg time="2026-02-09T14:53:07.964943" level="INFO">Current page contains text 'Epic sadface'.</msg>
<arg>Epic sadface</arg>
<doc>Verifies that current page contains ``text``.</doc>
<status status="PASS" start="2026-02-09T14:53:07.958109" elapsed="0.006894"/>
</kw>
<kw name="Close Browser" owner="SeleniumLibrary" type="TEARDOWN">
<doc>Closes the current browser.</doc>
<status status="PASS" start="2026-02-09T14:53:07.965208" elapsed="0.069387"/>
</kw>
<doc>Test login functionality with valid username and password.</doc>
<status status="PASS" start="2026-02-09T14:52:58.783140" elapsed="9.251576"/>
</test>
<status status="PASS" start="2026-02-09T14:52:50.520484" elapsed="17.514566"/>
</suite>
<suite id="s1-s4" name="Logout" source="/Users/suryana/Git/TS-Pro Sigmaka Mandiri - RobotFramework/tests/logout.robot">
<test id="s1-s4-t1" name="Logout Successfully" line="7">
<kw name="Open SauceDemo" owner="keywords" type="SETUP">
<kw name="Open Browser" owner="SeleniumLibrary">
<msg time="2026-02-09T14:53:08.038755" level="INFO">Opening browser 'headlesschrome' to base url 'https://www.saucedemo.com/'.</msg>
<arg>${URL}</arg>
<arg>${BROWSER}</arg>
<doc>Opens a new browser instance to the optional ``url``.</doc>
<status status="PASS" start="2026-02-09T14:53:08.038604" elapsed="2.754180"/>
</kw>
<kw name="Maximize Browser Window" owner="SeleniumLibrary">
<doc>Maximizes current browser window.</doc>
<status status="PASS" start="2026-02-09T14:53:10.793839" elapsed="0.024925"/>
</kw>
<status status="PASS" start="2026-02-09T14:53:08.038423" elapsed="2.780621"/>
</kw>
<kw name="Login With Credentials" owner="keywords">
<kw name="Input Text" owner="SeleniumLibrary">
<msg time="2026-02-09T14:53:10.820297" level="INFO">Typing text 'standard_user' into text field 'id:user-name'.</msg>
<arg>id:user-name</arg>
<arg>${username}</arg>
<doc>Types the given ``text`` into the text field identified by ``locator``.</doc>
<status status="PASS" start="2026-02-09T14:53:10.820054" elapsed="0.098083"/>
</kw>
<kw name="Input Text" owner="SeleniumLibrary">
<msg time="2026-02-09T14:53:10.918472" level="INFO">Typing text 'secret_sauce' into text field 'id:password'.</msg>
<arg>id:password</arg>
<arg>${password}</arg>
<doc>Types the given ``text`` into the text field identified by ``locator``.</doc>
<status status="PASS" start="2026-02-09T14:53:10.918288" elapsed="0.036790"/>
</kw>
<kw name="Click Button" owner="SeleniumLibrary">
<msg time="2026-02-09T14:53:10.955378" level="INFO">Clicking button 'id:login-button'.</msg>
<arg>id:login-button</arg>
<doc>Clicks the button identified by ``locator``.</doc>
<status status="PASS" start="2026-02-09T14:53:10.955223" elapsed="0.039139"/>
</kw>
<arg>${VALID_USER}</arg>
<arg>${VALID_PASS}</arg>
<status status="PASS" start="2026-02-09T14:53:10.819555" elapsed="0.174911"/>
</kw>
<kw name="Logout From Application" owner="keywords">
<kw name="Click Button" owner="SeleniumLibrary">
<msg time="2026-02-09T14:53:10.995026" level="INFO">Clicking button 'id:react-burger-menu-btn'.</msg>
<arg>id:react-burger-menu-btn</arg>
<doc>Clicks the button identified by ``locator``.</doc>
<status status="PASS" start="2026-02-09T14:53:10.994898" elapsed="0.033256"/>
</kw>
<kw name="Wait Until Element Is Visible" owner="SeleniumLibrary">
<arg>id:logout_sidebar_link</arg>
<arg>timeout=5s</arg>
<doc>Waits until the element ``locator`` is visible.</doc>
<status status="PASS" start="2026-02-09T14:53:11.028326" elapsed="0.222969"/>
</kw>
<kw name="Click Link" owner="SeleniumLibrary">
<msg time="2026-02-09T14:53:11.251834" level="INFO">Clicking link 'id:logout_sidebar_link'.</msg>
<arg>id:logout_sidebar_link</arg>
<doc>Clicks a link identified by ``locator``.</doc>
<status status="PASS" start="2026-02-09T14:53:11.251550" elapsed="0.044161"/>
</kw>
<status status="PASS" start="2026-02-09T14:53:10.994686" elapsed="0.301119"/>
</kw>
<kw name="Page Should Contain Element" owner="SeleniumLibrary">
<msg time="2026-02-09T14:53:11.299357" level="INFO">Current page contains element 'id:login-button'.</msg>
<arg>id:login-button</arg>
<doc>Verifies that element ``locator`` is found on the current page.</doc>
<status status="PASS" start="2026-02-09T14:53:11.295968" elapsed="0.003475"/>
</kw>
<kw name="Close Browser" owner="SeleniumLibrary" type="TEARDOWN">
<doc>Closes the current browser.</doc>
<status status="PASS" start="2026-02-09T14:53:11.299759" elapsed="0.075384"/>
</kw>
<status status="PASS" start="2026-02-09T14:53:08.038182" elapsed="3.337081"/>
</test>
<status status="PASS" start="2026-02-09T14:53:08.035409" elapsed="3.340150"/>
</suite>
<suite id="s1-s5" name="Product" source="/Users/suryana/Git/TS-Pro Sigmaka Mandiri - RobotFramework/tests/product.robot">
<test id="s1-s5-t1" name="Verify Product Page Displayed" line="7">
<kw name="Open SauceDemo" owner="keywords" type="SETUP">
<kw name="Open Browser" owner="SeleniumLibrary">
<msg time="2026-02-09T14:53:11.378187" level="INFO">Opening browser 'headlesschrome' to base url 'https://www.saucedemo.com/'.</msg>
<arg>${URL}</arg>
<arg>${BROWSER}</arg>
<doc>Opens a new browser instance to the optional ``url``.</doc>
<status status="PASS" start="2026-02-09T14:53:11.378027" elapsed="2.400332"/>
</kw>
<kw name="Maximize Browser Window" owner="SeleniumLibrary">
<doc>Maximizes current browser window.</doc>
<status status="PASS" start="2026-02-09T14:53:13.778742" elapsed="0.021589"/>
</kw>
<status status="PASS" start="2026-02-09T14:53:11.377829" elapsed="2.422758"/>
</kw>
<kw name="Login With Credentials" owner="keywords">
<kw name="Input Text" owner="SeleniumLibrary">
<msg time="2026-02-09T14:53:13.802621" level="INFO">Typing text 'standard_user' into text field 'id:user-name'.</msg>
<arg>id:user-name</arg>
<arg>${username}</arg>
<doc>Types the given ``text`` into the text field identified by ``locator``.</doc>
<status status="PASS" start="2026-02-09T14:53:13.802152" elapsed="0.103077"/>
</kw>
<kw name="Input Text" owner="SeleniumLibrary">
<msg time="2026-02-09T14:53:13.905585" level="INFO">Typing text 'secret_sauce' into text field 'id:password'.</msg>
<arg>id:password</arg>
<arg>${password}</arg>
<doc>Types the given ``text`` into the text field identified by ``locator``.</doc>
<status status="PASS" start="2026-02-09T14:53:13.905386" elapsed="0.033067"/>
</kw>
<kw name="Click Button" owner="SeleniumLibrary">
<msg time="2026-02-09T14:53:13.938755" level="INFO">Clicking button 'id:login-button'.</msg>
<arg>id:login-button</arg>
<doc>Clicks the button identified by ``locator``.</doc>
<status status="PASS" start="2026-02-09T14:53:13.938600" elapsed="0.038844"/>
</kw>
<arg>${VALID_USER}</arg>
<arg>${VALID_PASS}</arg>
<status status="PASS" start="2026-02-09T14:53:13.801185" elapsed="0.176361"/>
</kw>
<kw name="Page Should Contain" owner="SeleniumLibrary">
<msg time="2026-02-09T14:53:13.984479" level="INFO">Current page contains text 'Products'.</msg>
<arg>Products</arg>
<doc>Verifies that current page contains ``text``.</doc>
<status status="PASS" start="2026-02-09T14:53:13.977752" elapsed="0.006814"/>
</kw>
<kw name="Page Should Contain Element" owner="SeleniumLibrary">
<msg time="2026-02-09T14:53:13.989469" level="INFO">Current page contains element 'css:.inventory_item'.</msg>
<arg>css:.inventory_item</arg>
<doc>Verifies that element ``locator`` is found on the current page.</doc>
<status status="PASS" start="2026-02-09T14:53:13.984869" elapsed="0.004650"/>
</kw>
<kw name="Page Should Contain Button" owner="SeleniumLibrary">
<msg time="2026-02-09T14:53:14.001938" level="INFO">Current page contains button 'Add to cart'.</msg>
<arg>Add to cart</arg>
<doc>Verifies button ``locator`` is found from current page.</doc>
<status status="PASS" start="2026-02-09T14:53:13.989652" elapsed="0.012352"/>
</kw>
<kw name="Close All Browsers" owner="SeleniumLibrary" type="TEARDOWN">
<doc>Closes all open browsers and resets the browser cache.</doc>
<status status="PASS" start="2026-02-09T14:53:14.002231" elapsed="0.070164"/>
</kw>
<status status="PASS" start="2026-02-09T14:53:11.377570" elapsed="2.694944"/>
</test>
<status status="PASS" start="2026-02-09T14:53:11.375928" elapsed="2.696867"/>
</suite>
<status status="PASS" start="2026-02-09T14:50:58.931407" elapsed="135.141754"/>
</suite>
<statistics>
<total>
<stat pass="7" fail="0" skip="0">All Tests</stat>
</total>
<tag>
</tag>
<suite>
<stat name="Tests" id="s1" pass="7" fail="0" skip="0">Tests</stat>
<stat name="Cart" id="s1-s1" pass="1" fail="0" skip="0">Tests.Cart</stat>
<stat name="Checkout" id="s1-s2" pass="2" fail="0" skip="0">Tests.Checkout</stat>
<stat name="Login" id="s1-s3" pass="2" fail="0" skip="0">Tests.Login</stat>
<stat name="Logout" id="s1-s4" pass="1" fail="0" skip="0">Tests.Logout</stat>
<stat name="Product" id="s1-s5" pass="1" fail="0" skip="0">Tests.Product</stat>
</suite>
</statistics>
<errors>
</errors>
</robot>
